#
# There is insufficient memory for the Java Runtime Environment to continue.
# Native memory allocation (malloc) failed to allocate 321936 bytes for Chunk::new
# Possible reasons:
#   The system is out of physical RAM or swap space
#   The process is running with CompressedOops enabled, and the Java Heap may be blocking the growth of the native heap
# Possible solutions:
#   Reduce memory load on the system
#   Increase physical memory or swap space
#   Check if swap backing store is full
#   Decrease Java heap size (-Xmx/-Xms)
#   Decrease number of Java threads
#   Decrease Java thread stack sizes (-Xss)
#   Set larger code cache with -XX:ReservedCodeCacheSize=
#   JVM is running with Zero Based Compressed Oops mode in which the Java heap is
#     placed in the first 32GB address space. The Java Heap base address is the
#     maximum limit for the native heap growth. Please use -XX:HeapBaseMinAddress
#     to set the Java Heap base and to place the Java Heap above 32GB virtual address.
# This output file may be truncated or incomplete.
#
#  Out of Memory Error (arena.cpp:189), pid=6556, tid=14184
#
# JRE version: OpenJDK Runtime Environment Corretto-17.0.4.9.1 (17.0.4.1+9) (build 17.0.4.1+9-LTS)
# Java VM: OpenJDK 64-Bit Server VM Corretto-17.0.4.9.1 (17.0.4.1+9-LTS, mixed mode, sharing, tiered, compressed oops, compressed class ptrs, g1 gc, windows-amd64)
# No core dump will be written. Minidumps are not enabled by default on client versions of Windows
#

---------------  S U M M A R Y ------------

Command Line: -Dmaven.multiModuleProjectDirectory=C:\Users\igors\Desktop\pr\JAVA\restAPI\movieApi\movieApi -Djansi.passthrough=true -Dmaven.home=C:\Program Files\JetBrains\IntelliJ IDEA Community Edition 2023.3.4\plugins\maven\lib\maven3 -Dclassworlds.conf=C:\Program Files\JetBrains\IntelliJ IDEA Community Edition 2023.3.4\plugins\maven\lib\maven3\bin\m2.conf -Dmaven.ext.class.path=C:\Program Files\JetBrains\IntelliJ IDEA Community Edition 2023.3.4\plugins\maven\lib\maven-event-listener.jar -javaagent:C:\Program Files\JetBrains\IntelliJ IDEA Community Edition 2023.3.4\lib\idea_rt.jar=64386:C:\Program Files\JetBrains\IntelliJ IDEA Community Edition 2023.3.4\bin -Dfile.encoding=UTF-8 org.codehaus.classworlds.Launcher -Didea.version=2023.3.4 compile

Host: Intel(R) Core(TM) i5-7200U CPU @ 2.50GHz, 4 cores, 15G,  Windows 10 , 64 bit Build 19041 (10.0.19041.4957)
Time: Sat Oct 19 23:15:07 2024 Central European Daylight Time elapsed time: 2.376698 seconds (0d 0h 0m 2s)

---------------  T H R E A D  ---------------

Current thread (0x00000219f4b292d0):  JavaThread "C2 CompilerThread0" daemon [_thread_in_native, id=14184, stack(0x0000002e3fd00000,0x0000002e3fe00000)]


Current CompileTask:
C2:   2376 1455       4       jdk.internal.module.SystemModuleFinders$SystemModuleReader::find (59 bytes)

Stack: [0x0000002e3fd00000,0x0000002e3fe00000]
Native frames: (J=compiled Java code, j=interpreted, Vv=VM code, C=native code)
V  [jvm.dll+0x64724a]
V  [jvm.dll+0x7f87a4]
V  [jvm.dll+0x7f9f5e]
V  [jvm.dll+0x7fa5b3]
V  [jvm.dll+0x234ed8]
V  [jvm.dll+0xbce1b]
V  [jvm.dll+0xbd3ac]
V  [jvm.dll+0x29c102]
V  [jvm.dll+0x553e08]
V  [jvm.dll+0x211a4b]
V  [jvm.dll+0x20b190]
V  [jvm.dll+0x208a02]
V  [jvm.dll+0x198ded]
V  [jvm.dll+0x217eb9]
V  [jvm.dll+0x216104]
V  [jvm.dll+0x7b0d5b]
V  [jvm.dll+0x7ab31a]
V  [jvm.dll+0x6460f5]
C  [ucrtbase.dll+0x21bb2]
C  [KERNEL32.DLL+0x17374]
C  [ntdll.dll+0x4cc91]


---------------  P R O C E S S  ---------------

Threads class SMR info:
_java_thread_list=0x00000219f5f5c2e0, length=14, elements={
0x00000219d2462a10, 0x00000219f4b05900, 0x00000219f4b06680, 0x00000219f4b1aa90,
0x00000219f4b1d460, 0x00000219f4b1dd20, 0x00000219f4b1e5e0, 0x00000219f4b292d0,
0x00000219f4b2f190, 0x00000219f4b33ab0, 0x00000219f559f000, 0x00000219f5656aa0,
0x00000219f5657370, 0x00000219f59cf680
}

Java Threads: ( => current thread )
  0x00000219d2462a10 JavaThread "main" [_thread_in_Java, id=17152, stack(0x0000002e3f000000,0x0000002e3f100000)]
  0x00000219f4b05900 JavaThread "Reference Handler" daemon [_thread_blocked, id=15732, stack(0x0000002e3f700000,0x0000002e3f800000)]
  0x00000219f4b06680 JavaThread "Finalizer" daemon [_thread_blocked, id=16920, stack(0x0000002e3f800000,0x0000002e3f900000)]
  0x00000219f4b1aa90 JavaThread "Signal Dispatcher" daemon [_thread_blocked, id=15504, stack(0x0000002e3f900000,0x0000002e3fa00000)]
  0x00000219f4b1d460 JavaThread "Attach Listener" daemon [_thread_blocked, id=10828, stack(0x0000002e3fa00000,0x0000002e3fb00000)]
  0x00000219f4b1dd20 JavaThread "Service Thread" daemon [_thread_blocked, id=5136, stack(0x0000002e3fb00000,0x0000002e3fc00000)]
  0x00000219f4b1e5e0 JavaThread "Monitor Deflation Thread" daemon [_thread_blocked, id=4920, stack(0x0000002e3fc00000,0x0000002e3fd00000)]
=>0x00000219f4b292d0 JavaThread "C2 CompilerThread0" daemon [_thread_in_native, id=14184, stack(0x0000002e3fd00000,0x0000002e3fe00000)]
  0x00000219f4b2f190 JavaThread "C1 CompilerThread0" daemon [_thread_blocked, id=6344, stack(0x0000002e3fe00000,0x0000002e3ff00000)]
  0x00000219f4b33ab0 JavaThread "Sweeper thread" daemon [_thread_blocked, id=1132, stack(0x0000002e3ff00000,0x0000002e40000000)]
  0x00000219f559f000 JavaThread "Common-Cleaner" daemon [_thread_blocked, id=8360, stack(0x0000002e40000000,0x0000002e40100000)]
  0x00000219f5656aa0 JavaThread "Monitor Ctrl-Break" daemon [_thread_in_native, id=16464, stack(0x0000002e40100000,0x0000002e40200000)]
  0x00000219f5657370 JavaThread "Notification Thread" daemon [_thread_blocked, id=14004, stack(0x0000002e40200000,0x0000002e40300000)]
  0x00000219f59cf680 JavaThread "C2 CompilerThread1" daemon [_thread_in_native, id=13676, stack(0x0000002e40700000,0x0000002e40800000)]

Other Threads:
  0x00000219f4b00530 VMThread "VM Thread" [stack: 0x0000002e3f600000,0x0000002e3f700000] [id=8396]
  0x00000219d24e9380 WatcherThread [stack: 0x0000002e40300000,0x0000002e40400000] [id=2404]
  0x00000219d24cce40 GCTaskThread "GC Thread#0" [stack: 0x0000002e3f100000,0x0000002e3f200000] [id=14656]
  0x00000219f5a88c80 GCTaskThread "GC Thread#1" [stack: 0x0000002e40400000,0x0000002e40500000] [id=16316]
  0x00000219f5cf9370 GCTaskThread "GC Thread#2" [stack: 0x0000002e40500000,0x0000002e40600000] [id=5224]
  0x00000219f59d51f0 GCTaskThread "GC Thread#3" [stack: 0x0000002e40600000,0x0000002e40700000] [id=8828]
  0x00000219d24dda50 ConcurrentGCThread "G1 Main Marker" [stack: 0x0000002e3f200000,0x0000002e3f300000] [id=6996]
  0x00000219d24debb0 ConcurrentGCThread "G1 Conc#0" [stack: 0x0000002e3f300000,0x0000002e3f400000] [id=8532]
  0x00000219f49ba100 ConcurrentGCThread "G1 Refine#0" [stack: 0x0000002e3f400000,0x0000002e3f500000] [id=2960]
  0x00000219f49ba7d0 ConcurrentGCThread "G1 Service" [stack: 0x0000002e3f500000,0x0000002e3f600000] [id=12184]

Threads with active compile tasks:
C2 CompilerThread0     2426 1455       4       jdk.internal.module.SystemModuleFinders$SystemModuleReader::find (59 bytes)
C1 CompilerThread0     2426 1497   !   3       java.security.AccessController::doPrivileged (22 bytes)
C2 CompilerThread1     2426 1444       4       jdk.internal.jimage.ImageLocation::verify (218 bytes)

VM state: not at safepoint (normal execution)

VM Mutex/Monitor currently owned by a thread: None

Heap address: 0x0000000702400000, size: 4060 MB, Compressed Oops mode: Zero based, Oop shift amount: 3

CDS archive(s) mapped at: [0x0000000800000000-0x0000000800bc0000-0x0000000800bc0000), size 12320768, SharedBaseAddress: 0x0000000800000000, ArchiveRelocationMode: 0.
Compressed class space mapped at: 0x0000000800c00000-0x0000000840c00000, reserved size: 1073741824
Narrow klass base: 0x0000000800000000, Narrow klass shift: 0, Narrow klass range: 0x100000000

GC Precious Log:
 CPUs: 4 total, 4 available
 Memory: 16235M
 Large Page Support: Disabled
 NUMA Support: Disabled
 Compressed Oops: Enabled (Zero based)
 Heap Region Size: 2M
 Heap Min Capacity: 8M
 Heap Initial Capacity: 254M
 Heap Max Capacity: 4060M
 Pre-touch: Disabled
 Parallel Workers: 4
 Concurrent Workers: 1
 Concurrent Refinement Workers: 4
 Periodic GC: Disabled

Heap:
 garbage-first heap   total 260096K, used 20561K [0x0000000702400000, 0x0000000800000000)
  region size 2048K, 10 young (20480K), 1 survivors (2048K)
 Metaspace       used 7416K, committed 7616K, reserved 1056768K
  class space    used 865K, committed 960K, reserved 1048576K

Heap Regions: E=young(eden), S=young(survivor), O=old, HS=humongous(starts), HC=humongous(continues), CS=collection set, F=free, OA=open archive, CA=closed archive, TAMS=top-at-mark-start (previous, next)
|   0|0x0000000702400000, 0x0000000702600000, 0x0000000702600000|100%| O|  |TAMS 0x0000000702400000, 0x0000000702400000| Untracked 
|   1|0x0000000702600000, 0x0000000702745a00, 0x0000000702800000| 63%| O|  |TAMS 0x0000000702600000, 0x0000000702600000| Untracked 
|   2|0x0000000702800000, 0x0000000702800000, 0x0000000702a00000|  0%| F|  |TAMS 0x0000000702800000, 0x0000000702800000| Untracked 
|   3|0x0000000702a00000, 0x0000000702a00000, 0x0000000702c00000|  0%| F|  |TAMS 0x0000000702a00000, 0x0000000702a00000| Untracked 
|   4|0x0000000702c00000, 0x0000000702c00000, 0x0000000702e00000|  0%| F|  |TAMS 0x0000000702c00000, 0x0000000702c00000| Untracked 
|   5|0x0000000702e00000, 0x0000000702e00000, 0x0000000703000000|  0%| F|  |TAMS 0x0000000702e00000, 0x0000000702e00000| Untracked 
|   6|0x0000000703000000, 0x0000000703000000, 0x0000000703200000|  0%| F|  |TAMS 0x0000000703000000, 0x0000000703000000| Untracked 
|   7|0x0000000703200000, 0x0000000703200000, 0x0000000703400000|  0%| F|  |TAMS 0x0000000703200000, 0x0000000703200000| Untracked 
|   8|0x0000000703400000, 0x0000000703400000, 0x0000000703600000|  0%| F|  |TAMS 0x0000000703400000, 0x0000000703400000| Untracked 
|   9|0x0000000703600000, 0x0000000703600000, 0x0000000703800000|  0%| F|  |TAMS 0x0000000703600000, 0x0000000703600000| Untracked 
|  10|0x0000000703800000, 0x0000000703800000, 0x0000000703a00000|  0%| F|  |TAMS 0x0000000703800000, 0x0000000703800000| Untracked 
|  11|0x0000000703a00000, 0x0000000703a00000, 0x0000000703c00000|  0%| F|  |TAMS 0x0000000703a00000, 0x0000000703a00000| Untracked 
|  12|0x0000000703c00000, 0x0000000703c00000, 0x0000000703e00000|  0%| F|  |TAMS 0x0000000703c00000, 0x0000000703c00000| Untracked 
|  13|0x0000000703e00000, 0x0000000703e00000, 0x0000000704000000|  0%| F|  |TAMS 0x0000000703e00000, 0x0000000703e00000| Untracked 
|  14|0x0000000704000000, 0x0000000704000000, 0x0000000704200000|  0%| F|  |TAMS 0x0000000704000000, 0x0000000704000000| Untracked 
|  15|0x0000000704200000, 0x0000000704200000, 0x0000000704400000|  0%| F|  |TAMS 0x0000000704200000, 0x0000000704200000| Untracked 
|  16|0x0000000704400000, 0x0000000704400000, 0x0000000704600000|  0%| F|  |TAMS 0x0000000704400000, 0x0000000704400000| Untracked 
|  17|0x0000000704600000, 0x0000000704600000, 0x0000000704800000|  0%| F|  |TAMS 0x0000000704600000, 0x0000000704600000| Untracked 
|  18|0x0000000704800000, 0x0000000704800000, 0x0000000704a00000|  0%| F|  |TAMS 0x0000000704800000, 0x0000000704800000| Untracked 
|  19|0x0000000704a00000, 0x0000000704a00000, 0x0000000704c00000|  0%| F|  |TAMS 0x0000000704a00000, 0x0000000704a00000| Untracked 
|  20|0x0000000704c00000, 0x0000000704c00000, 0x0000000704e00000|  0%| F|  |TAMS 0x0000000704c00000, 0x0000000704c00000| Untracked 
|  21|0x0000000704e00000, 0x0000000704e00000, 0x0000000705000000|  0%| F|  |TAMS 0x0000000704e00000, 0x0000000704e00000| Untracked 
|  22|0x0000000705000000, 0x0000000705000000, 0x0000000705200000|  0%| F|  |TAMS 0x0000000705000000, 0x0000000705000000| Untracked 
|  23|0x0000000705200000, 0x0000000705200000, 0x0000000705400000|  0%| F|  |TAMS 0x0000000705200000, 0x0000000705200000| Untracked 
|  24|0x0000000705400000, 0x0000000705400000, 0x0000000705600000|  0%| F|  |TAMS 0x0000000705400000, 0x0000000705400000| Untracked 
|  25|0x0000000705600000, 0x0000000705600000, 0x0000000705800000|  0%| F|  |TAMS 0x0000000705600000, 0x0000000705600000| Untracked 
|  26|0x0000000705800000, 0x0000000705800000, 0x0000000705a00000|  0%| F|  |TAMS 0x0000000705800000, 0x0000000705800000| Untracked 
|  27|0x0000000705a00000, 0x0000000705a00000, 0x0000000705c00000|  0%| F|  |TAMS 0x0000000705a00000, 0x0000000705a00000| Untracked 
|  28|0x0000000705c00000, 0x0000000705c00000, 0x0000000705e00000|  0%| F|  |TAMS 0x0000000705c00000, 0x0000000705c00000| Untracked 
|  29|0x0000000705e00000, 0x0000000705e00000, 0x0000000706000000|  0%| F|  |TAMS 0x0000000705e00000, 0x0000000705e00000| Untracked 
|  30|0x0000000706000000, 0x0000000706000000, 0x0000000706200000|  0%| F|  |TAMS 0x0000000706000000, 0x0000000706000000| Untracked 
|  31|0x0000000706200000, 0x0000000706200000, 0x0000000706400000|  0%| F|  |TAMS 0x0000000706200000, 0x0000000706200000| Untracked 
|  32|0x0000000706400000, 0x0000000706400000, 0x0000000706600000|  0%| F|  |TAMS 0x0000000706400000, 0x0000000706400000| Untracked 
|  33|0x0000000706600000, 0x0000000706600000, 0x0000000706800000|  0%| F|  |TAMS 0x0000000706600000, 0x0000000706600000| Untracked 
|  34|0x0000000706800000, 0x0000000706800000, 0x0000000706a00000|  0%| F|  |TAMS 0x0000000706800000, 0x0000000706800000| Untracked 
|  35|0x0000000706a00000, 0x0000000706a00000, 0x0000000706c00000|  0%| F|  |TAMS 0x0000000706a00000, 0x0000000706a00000| Untracked 
|  36|0x0000000706c00000, 0x0000000706c00000, 0x0000000706e00000|  0%| F|  |TAMS 0x0000000706c00000, 0x0000000706c00000| Untracked 
|  37|0x0000000706e00000, 0x0000000706e00000, 0x0000000707000000|  0%| F|  |TAMS 0x0000000706e00000, 0x0000000706e00000| Untracked 
|  38|0x0000000707000000, 0x0000000707000000, 0x0000000707200000|  0%| F|  |TAMS 0x0000000707000000, 0x0000000707000000| Untracked 
|  39|0x0000000707200000, 0x0000000707200000, 0x0000000707400000|  0%| F|  |TAMS 0x0000000707200000, 0x0000000707200000| Untracked 
|  40|0x0000000707400000, 0x0000000707400000, 0x0000000707600000|  0%| F|  |TAMS 0x0000000707400000, 0x0000000707400000| Untracked 
|  41|0x0000000707600000, 0x0000000707600000, 0x0000000707800000|  0%| F|  |TAMS 0x0000000707600000, 0x0000000707600000| Untracked 
|  42|0x0000000707800000, 0x0000000707800000, 0x0000000707a00000|  0%| F|  |TAMS 0x0000000707800000, 0x0000000707800000| Untracked 
|  43|0x0000000707a00000, 0x0000000707a00000, 0x0000000707c00000|  0%| F|  |TAMS 0x0000000707a00000, 0x0000000707a00000| Untracked 
|  44|0x0000000707c00000, 0x0000000707c00000, 0x0000000707e00000|  0%| F|  |TAMS 0x0000000707c00000, 0x0000000707c00000| Untracked 
|  45|0x0000000707e00000, 0x0000000707e00000, 0x0000000708000000|  0%| F|  |TAMS 0x0000000707e00000, 0x0000000707e00000| Untracked 
|  46|0x0000000708000000, 0x0000000708000000, 0x0000000708200000|  0%| F|  |TAMS 0x0000000708000000, 0x0000000708000000| Untracked 
|  47|0x0000000708200000, 0x0000000708200000, 0x0000000708400000|  0%| F|  |TAMS 0x0000000708200000, 0x0000000708200000| Untracked 
|  48|0x0000000708400000, 0x0000000708400000, 0x0000000708600000|  0%| F|  |TAMS 0x0000000708400000, 0x0000000708400000| Untracked 
|  49|0x0000000708600000, 0x0000000708600000, 0x0000000708800000|  0%| F|  |TAMS 0x0000000708600000, 0x0000000708600000| Untracked 
|  50|0x0000000708800000, 0x0000000708800000, 0x0000000708a00000|  0%| F|  |TAMS 0x0000000708800000, 0x0000000708800000| Untracked 
|  51|0x0000000708a00000, 0x0000000708a00000, 0x0000000708c00000|  0%| F|  |TAMS 0x0000000708a00000, 0x0000000708a00000| Untracked 
|  52|0x0000000708c00000, 0x0000000708c00000, 0x0000000708e00000|  0%| F|  |TAMS 0x0000000708c00000, 0x0000000708c00000| Untracked 
|  53|0x0000000708e00000, 0x0000000708e00000, 0x0000000709000000|  0%| F|  |TAMS 0x0000000708e00000, 0x0000000708e00000| Untracked 
|  54|0x0000000709000000, 0x0000000709000000, 0x0000000709200000|  0%| F|  |TAMS 0x0000000709000000, 0x0000000709000000| Untracked 
|  55|0x0000000709200000, 0x0000000709200000, 0x0000000709400000|  0%| F|  |TAMS 0x0000000709200000, 0x0000000709200000| Untracked 
|  56|0x0000000709400000, 0x0000000709400000, 0x0000000709600000|  0%| F|  |TAMS 0x0000000709400000, 0x0000000709400000| Untracked 
|  57|0x0000000709600000, 0x0000000709600000, 0x0000000709800000|  0%| F|  |TAMS 0x0000000709600000, 0x0000000709600000| Untracked 
|  58|0x0000000709800000, 0x0000000709800000, 0x0000000709a00000|  0%| F|  |TAMS 0x0000000709800000, 0x0000000709800000| Untracked 
|  59|0x0000000709a00000, 0x0000000709a00000, 0x0000000709c00000|  0%| F|  |TAMS 0x0000000709a00000, 0x0000000709a00000| Untracked 
|  60|0x0000000709c00000, 0x0000000709c00000, 0x0000000709e00000|  0%| F|  |TAMS 0x0000000709c00000, 0x0000000709c00000| Untracked 
|  61|0x0000000709e00000, 0x0000000709e00000, 0x000000070a000000|  0%| F|  |TAMS 0x0000000709e00000, 0x0000000709e00000| Untracked 
|  62|0x000000070a000000, 0x000000070a000000, 0x000000070a200000|  0%| F|  |TAMS 0x000000070a000000, 0x000000070a000000| Untracked 
|  63|0x000000070a200000, 0x000000070a200000, 0x000000070a400000|  0%| F|  |TAMS 0x000000070a200000, 0x000000070a200000| Untracked 
|  64|0x000000070a400000, 0x000000070a400000, 0x000000070a600000|  0%| F|  |TAMS 0x000000070a400000, 0x000000070a400000| Untracked 
|  65|0x000000070a600000, 0x000000070a600000, 0x000000070a800000|  0%| F|  |TAMS 0x000000070a600000, 0x000000070a600000| Untracked 
|  66|0x000000070a800000, 0x000000070a800000, 0x000000070aa00000|  0%| F|  |TAMS 0x000000070a800000, 0x000000070a800000| Untracked 
|  67|0x000000070aa00000, 0x000000070aa00000, 0x000000070ac00000|  0%| F|  |TAMS 0x000000070aa00000, 0x000000070aa00000| Untracked 
|  68|0x000000070ac00000, 0x000000070ac00000, 0x000000070ae00000|  0%| F|  |TAMS 0x000000070ac00000, 0x000000070ac00000| Untracked 
|  69|0x000000070ae00000, 0x000000070ae00000, 0x000000070b000000|  0%| F|  |TAMS 0x000000070ae00000, 0x000000070ae00000| Untracked 
|  70|0x000000070b000000, 0x000000070b000000, 0x000000070b200000|  0%| F|  |TAMS 0x000000070b000000, 0x000000070b000000| Untracked 
|  71|0x000000070b200000, 0x000000070b200000, 0x000000070b400000|  0%| F|  |TAMS 0x000000070b200000, 0x000000070b200000| Untracked 
|  72|0x000000070b400000, 0x000000070b400000, 0x000000070b600000|  0%| F|  |TAMS 0x000000070b400000, 0x000000070b400000| Untracked 
|  73|0x000000070b600000, 0x000000070b600000, 0x000000070b800000|  0%| F|  |TAMS 0x000000070b600000, 0x000000070b600000| Untracked 
|  74|0x000000070b800000, 0x000000070b800000, 0x000000070ba00000|  0%| F|  |TAMS 0x000000070b800000, 0x000000070b800000| Untracked 
|  75|0x000000070ba00000, 0x000000070ba00000, 0x000000070bc00000|  0%| F|  |TAMS 0x000000070ba00000, 0x000000070ba00000| Untracked 
|  76|0x000000070bc00000, 0x000000070bc00000, 0x000000070be00000|  0%| F|  |TAMS 0x000000070bc00000, 0x000000070bc00000| Untracked 
|  77|0x000000070be00000, 0x000000070be00000, 0x000000070c000000|  0%| F|  |TAMS 0x000000070be00000, 0x000000070be00000| Untracked 
|  78|0x000000070c000000, 0x000000070c000000, 0x000000070c200000|  0%| F|  |TAMS 0x000000070c000000, 0x000000070c000000| Untracked 
|  79|0x000000070c200000, 0x000000070c200000, 0x000000070c400000|  0%| F|  |TAMS 0x000000070c200000, 0x000000070c200000| Untracked 
|  80|0x000000070c400000, 0x000000070c400000, 0x000000070c600000|  0%| F|  |TAMS 0x000000070c400000, 0x000000070c400000| Untracked 
|  81|0x000000070c600000, 0x000000070c600000, 0x000000070c800000|  0%| F|  |TAMS 0x000000070c600000, 0x000000070c600000| Untracked 
|  82|0x000000070c800000, 0x000000070c800000, 0x000000070ca00000|  0%| F|  |TAMS 0x000000070c800000, 0x000000070c800000| Untracked 
|  83|0x000000070ca00000, 0x000000070ca00000, 0x000000070cc00000|  0%| F|  |TAMS 0x000000070ca00000, 0x000000070ca00000| Untracked 
|  84|0x000000070cc00000, 0x000000070cc00000, 0x000000070ce00000|  0%| F|  |TAMS 0x000000070cc00000, 0x000000070cc00000| Untracked 
|  85|0x000000070ce00000, 0x000000070ce00000, 0x000000070d000000|  0%| F|  |TAMS 0x000000070ce00000, 0x000000070ce00000| Untracked 
|  86|0x000000070d000000, 0x000000070d000000, 0x000000070d200000|  0%| F|  |TAMS 0x000000070d000000, 0x000000070d000000| Untracked 
|  87|0x000000070d200000, 0x000000070d200000, 0x000000070d400000|  0%| F|  |TAMS 0x000000070d200000, 0x000000070d200000| Untracked 
|  88|0x000000070d400000, 0x000000070d400000, 0x000000070d600000|  0%| F|  |TAMS 0x000000070d400000, 0x000000070d400000| Untracked 
|  89|0x000000070d600000, 0x000000070d600000, 0x000000070d800000|  0%| F|  |TAMS 0x000000070d600000, 0x000000070d600000| Untracked 
|  90|0x000000070d800000, 0x000000070d800000, 0x000000070da00000|  0%| F|  |TAMS 0x000000070d800000, 0x000000070d800000| Untracked 
|  91|0x000000070da00000, 0x000000070da00000, 0x000000070dc00000|  0%| F|  |TAMS 0x000000070da00000, 0x000000070da00000| Untracked 
|  92|0x000000070dc00000, 0x000000070dc00000, 0x000000070de00000|  0%| F|  |TAMS 0x000000070dc00000, 0x000000070dc00000| Untracked 
|  93|0x000000070de00000, 0x000000070de00000, 0x000000070e000000|  0%| F|  |TAMS 0x000000070de00000, 0x000000070de00000| Untracked 
|  94|0x000000070e000000, 0x000000070e000000, 0x000000070e200000|  0%| F|  |TAMS 0x000000070e000000, 0x000000070e000000| Untracked 
|  95|0x000000070e200000, 0x000000070e200000, 0x000000070e400000|  0%| F|  |TAMS 0x000000070e200000, 0x000000070e200000| Untracked 
|  96|0x000000070e400000, 0x000000070e400000, 0x000000070e600000|  0%| F|  |TAMS 0x000000070e400000, 0x000000070e400000| Untracked 
|  97|0x000000070e600000, 0x000000070e600000, 0x000000070e800000|  0%| F|  |TAMS 0x000000070e600000, 0x000000070e600000| Untracked 
|  98|0x000000070e800000, 0x000000070e800000, 0x000000070ea00000|  0%| F|  |TAMS 0x000000070e800000, 0x000000070e800000| Untracked 
|  99|0x000000070ea00000, 0x000000070ea00000, 0x000000070ec00000|  0%| F|  |TAMS 0x000000070ea00000, 0x000000070ea00000| Untracked 
| 100|0x000000070ec00000, 0x000000070ec00000, 0x000000070ee00000|  0%| F|  |TAMS 0x000000070ec00000, 0x000000070ec00000| Untracked 
| 101|0x000000070ee00000, 0x000000070ee00000, 0x000000070f000000|  0%| F|  |TAMS 0x000000070ee00000, 0x000000070ee00000| Untracked 
| 102|0x000000070f000000, 0x000000070f000000, 0x000000070f200000|  0%| F|  |TAMS 0x000000070f000000, 0x000000070f000000| Untracked 
| 103|0x000000070f200000, 0x000000070f200000, 0x000000070f400000|  0%| F|  |TAMS 0x000000070f200000, 0x000000070f200000| Untracked 
| 104|0x000000070f400000, 0x000000070f400000, 0x000000070f600000|  0%| F|  |TAMS 0x000000070f400000, 0x000000070f400000| Untracked 
| 105|0x000000070f600000, 0x000000070f600000, 0x000000070f800000|  0%| F|  |TAMS 0x000000070f600000, 0x000000070f600000| Untracked 
| 106|0x000000070f800000, 0x000000070f800000, 0x000000070fa00000|  0%| F|  |TAMS 0x000000070f800000, 0x000000070f800000| Untracked 
| 107|0x000000070fa00000, 0x000000070fa00000, 0x000000070fc00000|  0%| F|  |TAMS 0x000000070fa00000, 0x000000070fa00000| Untracked 
| 108|0x000000070fc00000, 0x000000070fc00000, 0x000000070fe00000|  0%| F|  |TAMS 0x000000070fc00000, 0x000000070fc00000| Untracked 
| 109|0x000000070fe00000, 0x000000070fe00000, 0x0000000710000000|  0%| F|  |TAMS 0x000000070fe00000, 0x000000070fe00000| Untracked 
| 110|0x0000000710000000, 0x0000000710000000, 0x0000000710200000|  0%| F|  |TAMS 0x0000000710000000, 0x0000000710000000| Untracked 
| 111|0x0000000710200000, 0x0000000710200000, 0x0000000710400000|  0%| F|  |TAMS 0x0000000710200000, 0x0000000710200000| Untracked 
| 112|0x0000000710400000, 0x0000000710400000, 0x0000000710600000|  0%| F|  |TAMS 0x0000000710400000, 0x0000000710400000| Untracked 
| 113|0x0000000710600000, 0x0000000710600000, 0x0000000710800000|  0%| F|  |TAMS 0x0000000710600000, 0x0000000710600000| Untracked 
| 114|0x0000000710800000, 0x0000000710800000, 0x0000000710a00000|  0%| F|  |TAMS 0x0000000710800000, 0x0000000710800000| Untracked 
| 115|0x0000000710a00000, 0x0000000710a00000, 0x0000000710c00000|  0%| F|  |TAMS 0x0000000710a00000, 0x0000000710a00000| Untracked 
| 116|0x0000000710c00000, 0x0000000710c00000, 0x0000000710e00000|  0%| F|  |TAMS 0x0000000710c00000, 0x0000000710c00000| Untracked 
| 117|0x0000000710e00000, 0x0000000710f98490, 0x0000000711000000| 79%| E|  |TAMS 0x0000000710e00000, 0x0000000710e00000| Complete 
| 118|0x0000000711000000, 0x0000000711200000, 0x0000000711200000|100%| E|CS|TAMS 0x0000000711000000, 0x0000000711000000| Complete 
| 119|0x0000000711200000, 0x0000000711400000, 0x0000000711400000|100%| E|CS|TAMS 0x0000000711200000, 0x0000000711200000| Complete 
| 120|0x0000000711400000, 0x0000000711600000, 0x0000000711600000|100%| E|CS|TAMS 0x0000000711400000, 0x0000000711400000| Complete 
| 121|0x0000000711600000, 0x00000007116cedf8, 0x0000000711800000| 40%| S|CS|TAMS 0x0000000711600000, 0x0000000711600000| Complete 
| 122|0x0000000711800000, 0x0000000711a00000, 0x0000000711a00000|100%| E|CS|TAMS 0x0000000711800000, 0x0000000711800000| Complete 
| 123|0x0000000711a00000, 0x0000000711c00000, 0x0000000711c00000|100%| E|CS|TAMS 0x0000000711a00000, 0x0000000711a00000| Complete 
| 124|0x0000000711c00000, 0x0000000711e00000, 0x0000000711e00000|100%| E|CS|TAMS 0x0000000711c00000, 0x0000000711c00000| Complete 
| 125|0x0000000711e00000, 0x0000000712000000, 0x0000000712000000|100%| E|CS|TAMS 0x0000000711e00000, 0x0000000711e00000| Complete 
| 126|0x0000000712000000, 0x0000000712200000, 0x0000000712200000|100%| E|CS|TAMS 0x0000000712000000, 0x0000000712000000| Complete 

Card table byte_map: [0x00000219e9760000,0x00000219e9f50000] _byte_map_base: 0x00000219e5f4e000

Marking Bits (Prev, Next): (CMBitMap*) 0x00000219d24cd360, (CMBitMap*) 0x00000219d24cd3a0
 Prev Bits: [0x00000219ea740000, 0x00000219ee6b0000)
 Next Bits: [0x00000219ee6b0000, 0x00000219f2620000)

Polling page: 0x00000219d03f0000

Metaspace:

Usage:
  Non-class:      6.41 MB used.
      Class:    866.69 KB used.
       Both:      7.25 MB used.

Virtual space:
  Non-class space:        8.00 MB reserved,       6.50 MB ( 81%) committed,  1 nodes.
      Class space:        1.00 GB reserved,     960.00 KB ( <1%) committed,  1 nodes.
             Both:        1.01 GB reserved,       7.44 MB ( <1%) committed. 

Chunk freelists:
   Non-Class:  208.00 KB
       Class:  3.00 MB
        Both:  3.20 MB

MaxMetaspaceSize: unlimited
CompressedClassSpaceSize: 1.00 GB
Initial GC threshold: 21.00 MB
Current GC threshold: 21.00 MB
CDS: on
MetaspaceReclaimPolicy: balanced
 - commit_granule_bytes: 65536.
 - commit_granule_words: 8192.
 - virtual_space_node_default_size: 1048576.
 - enlarge_chunks_in_place: 1.
 - new_chunks_are_fully_committed: 0.
 - uncommit_free_chunks: 1.
 - use_allocation_guard: 0.
 - handle_deallocations: 1.


Internal statistics:

num_allocs_failed_limit: 0.
num_arena_births: 46.
num_arena_deaths: 0.
num_vsnodes_births: 2.
num_vsnodes_deaths: 0.
num_space_committed: 119.
num_space_uncommitted: 0.
num_chunks_returned_to_freelist: 0.
num_chunks_taken_from_freelist: 266.
num_chunk_merges: 0.
num_chunk_splits: 173.
num_chunks_enlarged: 137.
num_purges: 0.
num_inconsistent_stats: 0.

CodeHeap 'non-profiled nmethods': size=120000Kb used=553Kb max_used=553Kb free=119446Kb
 bounds [0x00000219e1a40000, 0x00000219e1cb0000, 0x00000219e8f70000]
CodeHeap 'profiled nmethods': size=120000Kb used=2953Kb max_used=2953Kb free=117046Kb
 bounds [0x00000219da510000, 0x00000219da800000, 0x00000219e1a40000]
CodeHeap 'non-nmethods': size=5760Kb used=1157Kb max_used=1195Kb free=4602Kb
 bounds [0x00000219d9f70000, 0x00000219da1e0000, 0x00000219da510000]
 total_blobs=1942 nmethods=1493 adapters=362
 compilation: enabled
              stopped_count=0, restarted_count=0
 full_count=0

Compilation events (20 events):
Event: 2.360 Thread 0x00000219f4b2f190 1477       3       sun.reflect.generics.tree.SimpleClassTypeSignature::make (11 bytes)
Event: 2.361 Thread 0x00000219f4b2f190 nmethod 1477 0x00000219da7e1b90 code [0x00000219da7e1d40, 0x00000219da7e2018]
Event: 2.361 Thread 0x00000219f4b2f190 1479       3       sun.reflect.generics.tree.ClassTypeSignature::accept (8 bytes)
Event: 2.361 Thread 0x00000219f4b2f190 nmethod 1479 0x00000219da7e2110 code [0x00000219da7e22c0, 0x00000219da7e2448]
Event: 2.361 Thread 0x00000219f4b2f190 1480       3       sun.reflect.generics.visitor.Reifier::visitClassTypeSignature (381 bytes)
Event: 2.363 Thread 0x00000219f4b2f190 nmethod 1480 0x00000219da7e2590 code [0x00000219da7e29a0, 0x00000219da7e45c8]
Event: 2.363 Thread 0x00000219f4b2f190 1481       3       sun.reflect.generics.visitor.Reifier::make (9 bytes)
Event: 2.363 Thread 0x00000219f4b2f190 nmethod 1481 0x00000219da7e4f90 code [0x00000219da7e5140, 0x00000219da7e53b8]
Event: 2.363 Thread 0x00000219f4b2f190 1482       3       sun.reflect.generics.visitor.Reifier::<init> (10 bytes)
Event: 2.363 Thread 0x00000219f4b2f190 nmethod 1482 0x00000219da7e5490 code [0x00000219da7e5620, 0x00000219da7e57d8]
Event: 2.364 Thread 0x00000219f4b2f190 1483       3       java.util.Locale::getLanguage (8 bytes)
Event: 2.364 Thread 0x00000219f4b2f190 nmethod 1483 0x00000219da7e5890 code [0x00000219da7e5a20, 0x00000219da7e5b58]
Event: 2.366 Thread 0x00000219f4b2f190 1484       3       sun.reflect.annotation.AnnotationType::getInstance (65 bytes)
Event: 2.366 Thread 0x00000219f4b2f190 nmethod 1484 0x00000219da7e5c10 code [0x00000219da7e5e00, 0x00000219da7e6398]
Event: 2.366 Thread 0x00000219f4b2f190 1485       3       java.lang.System$2::getAnnotationType (5 bytes)
Event: 2.366 Thread 0x00000219f4b2f190 nmethod 1485 0x00000219da7e6610 code [0x00000219da7e67a0, 0x00000219da7e68d8]
Event: 2.371 Thread 0x00000219f4b2f190 1486       3       java.lang.Character::isLetter (5 bytes)
Event: 2.372 Thread 0x00000219f4b2f190 nmethod 1486 0x00000219da7e6990 code [0x00000219da7e6b60, 0x00000219da7e6e78]
Event: 2.372 Thread 0x00000219f4b2f190 1487       3       java.nio.HeapByteBuffer::<init> (21 bytes)
Event: 2.372 Thread 0x00000219f4b2f190 nmethod 1487 0x00000219da7e6f90 code [0x00000219da7e7140, 0x00000219da7e7368]

GC Heap History (4 events):
Event: 1.040 GC heap before
{Heap before GC invocations=0 (full 0):
 garbage-first heap   total 260096K, used 12288K [0x0000000702400000, 0x0000000800000000)
  region size 2048K, 6 young (12288K), 0 survivors (0K)
 Metaspace       used 3426K, committed 3584K, reserved 1056768K
  class space    used 353K, committed 448K, reserved 1048576K
}
Event: 1.046 GC heap after
{Heap after GC invocations=1 (full 0):
 garbage-first heap   total 260096K, used 3297K [0x0000000702400000, 0x0000000800000000)
  region size 2048K, 1 young (2048K), 1 survivors (2048K)
 Metaspace       used 3426K, committed 3584K, reserved 1056768K
  class space    used 353K, committed 448K, reserved 1048576K
}
Event: 1.850 GC heap before
{Heap before GC invocations=1 (full 0):
 garbage-first heap   total 260096K, used 13537K [0x0000000702400000, 0x0000000800000000)
  region size 2048K, 6 young (12288K), 1 survivors (2048K)
 Metaspace       used 5922K, committed 6080K, reserved 1056768K
  class space    used 687K, committed 768K, reserved 1048576K
}
Event: 1.855 GC heap after
{Heap after GC invocations=2 (full 0):
 garbage-first heap   total 260096K, used 4177K [0x0000000702400000, 0x0000000800000000)
  region size 2048K, 1 young (2048K), 1 survivors (2048K)
 Metaspace       used 5922K, committed 6080K, reserved 1056768K
  class space    used 687K, committed 768K, reserved 1048576K
}

Deoptimization events (20 events):
Event: 2.068 Thread 0x00000219d2462a10 Uncommon trap: trap_request=0xffffffde fr.pc=0x00000219e1a8c804 relative=0x0000000000000444
Event: 2.068 Thread 0x00000219d2462a10 Uncommon trap: reason=class_check action=maybe_recompile pc=0x00000219e1a8c804 method=java.util.HashMap.getNode(Ljava/lang/Object;)Ljava/util/HashMap$Node; @ 128 c2
Event: 2.068 Thread 0x00000219d2462a10 DEOPT PACKING pc=0x00000219e1a8c804 sp=0x0000002e3f0fd8c0
Event: 2.068 Thread 0x00000219d2462a10 DEOPT UNPACKING pc=0x00000219d9fc23a3 sp=0x0000002e3f0fd838 mode 2
Event: 2.074 Thread 0x00000219d2462a10 Uncommon trap: trap_request=0xffffffde fr.pc=0x00000219e1a8c804 relative=0x0000000000000444
Event: 2.074 Thread 0x00000219d2462a10 Uncommon trap: reason=class_check action=maybe_recompile pc=0x00000219e1a8c804 method=java.util.HashMap.getNode(Ljava/lang/Object;)Ljava/util/HashMap$Node; @ 128 c2
Event: 2.074 Thread 0x00000219d2462a10 DEOPT PACKING pc=0x00000219e1a8c804 sp=0x0000002e3f0fd8c0
Event: 2.074 Thread 0x00000219d2462a10 DEOPT UNPACKING pc=0x00000219d9fc23a3 sp=0x0000002e3f0fd838 mode 2
Event: 2.117 Thread 0x00000219d2462a10 DEOPT PACKING pc=0x00000219da569398 sp=0x0000002e3f0fc660
Event: 2.117 Thread 0x00000219d2462a10 DEOPT UNPACKING pc=0x00000219d9fc2b43 sp=0x0000002e3f0fbb68 mode 0
Event: 2.259 Thread 0x00000219d2462a10 DEOPT PACKING pc=0x00000219da57b374 sp=0x0000002e3f0fd0b0
Event: 2.259 Thread 0x00000219d2462a10 DEOPT UNPACKING pc=0x00000219d9fc2b43 sp=0x0000002e3f0fc560 mode 0
Event: 2.320 Thread 0x00000219d2462a10 DEOPT PACKING pc=0x00000219da73fbb4 sp=0x0000002e3f0fdd40
Event: 2.320 Thread 0x00000219d2462a10 DEOPT UNPACKING pc=0x00000219d9fc2b43 sp=0x0000002e3f0fd1b0 mode 0
Event: 2.340 Thread 0x00000219d2462a10 DEOPT PACKING pc=0x00000219da73fbb4 sp=0x0000002e3f0fdd40
Event: 2.340 Thread 0x00000219d2462a10 DEOPT UNPACKING pc=0x00000219d9fc2b43 sp=0x0000002e3f0fd1b0 mode 0
Event: 2.350 Thread 0x00000219d2462a10 DEOPT PACKING pc=0x00000219da73fb42 sp=0x0000002e3f0fdd40
Event: 2.350 Thread 0x00000219d2462a10 DEOPT UNPACKING pc=0x00000219d9fc2b43 sp=0x0000002e3f0fd1b0 mode 0
Event: 2.364 Thread 0x00000219d2462a10 DEOPT PACKING pc=0x00000219da73fbb4 sp=0x0000002e3f0fdd40
Event: 2.364 Thread 0x00000219d2462a10 DEOPT UNPACKING pc=0x00000219d9fc2b43 sp=0x0000002e3f0fd1b0 mode 0

Classes unloaded (0 events):
No events

Classes redefined (0 events):
No events

Internal exceptions (13 events):
Event: 0.222 Thread 0x00000219f5656aa0 Exception <a 'java/lang/NoSuchMethodError'{0x00000007121f21f0}: 'java.lang.Object java.lang.invoke.DirectMethodHandle$Holder.invokeStaticInit(java.lang.Object)'> (0x00000007121f21f0) 
thrown [s\src\hotspot\share\interpreter\linkResolver.cpp, line 759]
Event: 0.234 Thread 0x00000219f5656aa0 Exception <a 'java/lang/NoSuchMethodError'{0x0000000711e00390}: 'void java.lang.invoke.DirectMethodHandle$Holder.invokeStatic(java.lang.Object, java.lang.Object)'> (0x0000000711e00390) 
thrown [s\src\hotspot\share\interpreter\linkResolver.cpp, line 759]
Event: 0.264 Thread 0x00000219d2462a10 Exception <a 'java/lang/NoSuchMethodError'{0x0000000711e83948}: 'int java.lang.invoke.DirectMethodHandle$Holder.invokeSpecial(java.lang.Object, java.lang.Object, java.lang.Object)'> (0x0000000711e83948) 
thrown [s\src\hotspot\share\interpreter\linkResolver.cpp, line 759]
Event: 0.563 Thread 0x00000219d2462a10 Exception <a 'java/lang/NullPointerException'{0x0000000711ce0210}> (0x0000000711ce0210) 
thrown [s\src\hotspot\share\interpreter\linkResolver.cpp, line 1350]
Event: 0.684 Thread 0x00000219d2462a10 Exception <a 'java/lang/NoSuchMethodError'{0x0000000711a023f8}: 'void java.lang.invoke.DirectMethodHandle$Holder.invokeStatic(java.lang.Object, java.lang.Object, java.lang.Object)'> (0x0000000711a023f8) 
thrown [s\src\hotspot\share\interpreter\linkResolver.cpp, line 759]
Event: 0.801 Thread 0x00000219d2462a10 Exception <a 'java/lang/NoSuchMethodError'{0x0000000711bde4c8}: 'java.lang.Object java.lang.invoke.DirectMethodHandle$Holder.invokeSpecialIFC(java.lang.Object, java.lang.Object, java.lang.Object, java.lang.Object)'> (0x0000000711bde4c8) 
thrown [s\src\hotspot\share\interpreter\linkResolver.cpp, line 759]
Event: 1.362 Thread 0x00000219d2462a10 Exception <a 'java/lang/NoSuchMethodError'{0x0000000711e70240}: 'void java.lang.invoke.DirectMethodHandle$Holder.invokeSpecial(java.lang.Object, java.lang.Object, java.lang.Object)'> (0x0000000711e70240) 
thrown [s\src\hotspot\share\interpreter\linkResolver.cpp, line 759]
Event: 1.413 Thread 0x00000219d2462a10 Exception <a 'java/lang/NoSuchMethodError'{0x0000000711fda540}: 'java.lang.Object java.lang.invoke.DirectMethodHandle$Holder.invokeInterface(java.lang.Object, java.lang.Object)'> (0x0000000711fda540) 
thrown [s\src\hotspot\share\interpreter\linkResolver.cpp, line 759]
Event: 1.436 Thread 0x00000219d2462a10 Exception <a 'java/lang/NoSuchMethodError'{0x0000000711c8b138}: 'java.lang.Object java.lang.invoke.Invokers$Holder.invokeExact_MT(java.lang.Object, java.lang.Object, java.lang.Object, java.lang.Object, java.lang.Object, java.lang.Object)'> (0x0000000711c8b138) 
thrown [s\src\hotspot\share\interpreter\linkResolver.cpp, line 759]
Event: 1.438 Thread 0x00000219d2462a10 Exception <a 'java/lang/NoSuchMethodError'{0x0000000711c9cb70}: 'int java.lang.invoke.DirectMethodHandle$Holder.invokeSpecialIFC(java.lang.Object, java.lang.Object, java.lang.Object, java.lang.Object, java.lang.Object)'> (0x0000000711c9cb70) 
thrown [s\src\hotspot\share\interpreter\linkResolver.cpp, line 759]
Event: 1.524 Thread 0x00000219d2462a10 Exception <a 'java/lang/NoSuchMethodError'{0x0000000711a572c0}: 'java.lang.Object java.lang.invoke.DirectMethodHandle$Holder.newInvokeSpecial(java.lang.Object, java.lang.Object, java.lang.Object, java.lang.Object, java.lang.Object)'> (0x0000000711a572c0) 
thrown [s\src\hotspot\share\interpreter\linkResolver.cpp, line 759]
Event: 1.608 Thread 0x00000219d2462a10 Exception <a 'java/lang/NoSuchMethodError'{0x0000000711b63b98}: 'int java.lang.invoke.DirectMethodHandle$Holder.invokeStaticInit(java.lang.Object, java.lang.Object)'> (0x0000000711b63b98) 
thrown [s\src\hotspot\share\interpreter\linkResolver.cpp, line 759]
Event: 1.646 Thread 0x00000219d2462a10 Exception <a 'java/lang/NoClassDefFoundError'{0x0000000711b9e798}: javax/enterprise/inject/Typed> (0x0000000711b9e798) 
thrown [s\src\hotspot\share\classfile\systemDictionary.cpp, line 245]

VM Operations (12 events):
Event: 0.152 Executing VM operation: HandshakeAllThreads
Event: 0.152 Executing VM operation: HandshakeAllThreads done
Event: 0.220 Executing VM operation: HandshakeAllThreads
Event: 0.220 Executing VM operation: HandshakeAllThreads done
Event: 0.562 Executing VM operation: HandshakeAllThreads
Event: 0.562 Executing VM operation: HandshakeAllThreads done
Event: 0.570 Executing VM operation: HandshakeAllThreads
Event: 0.570 Executing VM operation: HandshakeAllThreads done
Event: 1.039 Executing VM operation: G1CollectForAllocation
Event: 1.048 Executing VM operation: G1CollectForAllocation done
Event: 1.850 Executing VM operation: G1CollectForAllocation
Event: 1.855 Executing VM operation: G1CollectForAllocation done

Events (20 events):
Event: 2.157 loading class jdk/internal/reflect/ByteVectorImpl
Event: 2.157 loading class jdk/internal/reflect/ByteVector
Event: 2.157 loading class jdk/internal/reflect/ByteVector done
Event: 2.157 loading class jdk/internal/reflect/ByteVectorImpl done
Event: 2.157 loading class jdk/internal/reflect/ClassFileAssembler
Event: 2.157 loading class jdk/internal/reflect/ClassFileAssembler done
Event: 2.157 loading class jdk/internal/reflect/UTF8
Event: 2.157 loading class jdk/internal/reflect/UTF8 done
Event: 2.158 loading class jdk/internal/reflect/Label
Event: 2.158 loading class jdk/internal/reflect/Label done
Event: 2.158 loading class jdk/internal/reflect/Label$PatchInfo
Event: 2.158 loading class jdk/internal/reflect/Label$PatchInfo done
Event: 2.158 loading class jdk/internal/reflect/MethodAccessorGenerator$1
Event: 2.158 loading class jdk/internal/reflect/MethodAccessorGenerator$1 done
Event: 2.158 loading class jdk/internal/reflect/ClassDefiner
Event: 2.158 loading class jdk/internal/reflect/ClassDefiner done
Event: 2.158 loading class jdk/internal/reflect/ClassDefiner$1
Event: 2.158 loading class jdk/internal/reflect/ClassDefiner$1 done
Event: 2.158 loading class jdk/internal/reflect/BootstrapConstructorAccessorImpl
Event: 2.158 loading class jdk/internal/reflect/BootstrapConstructorAccessorImpl done


Dynamic libraries:
0x00007ff680880000 - 0x00007ff68088d000 	C:\Users\igors\.jdks\corretto-17.0.4.1\bin\java.exe
0x00007ffe31b90000 - 0x00007ffe31d88000 	C:\WINDOWS\SYSTEM32\ntdll.dll
0x00007ffe30ee0000 - 0x00007ffe30fa2000 	C:\WINDOWS\System32\KERNEL32.DLL
0x00007ffe2f810000 - 0x00007ffe2fb0e000 	C:\WINDOWS\System32\KERNELBASE.dll
0x00007ffe2f6a0000 - 0x00007ffe2f7a0000 	C:\WINDOWS\System32\ucrtbase.dll
0x00007ffe297b0000 - 0x00007ffe297c5000 	C:\Users\igors\.jdks\corretto-17.0.4.1\bin\VCRUNTIME140.dll
0x00007ffe2c620000 - 0x00007ffe2c638000 	C:\Users\igors\.jdks\corretto-17.0.4.1\bin\jli.dll
0x00007ffe2fd00000 - 0x00007ffe2fe9d000 	C:\WINDOWS\System32\USER32.dll
0x00007ffe2f230000 - 0x00007ffe2f252000 	C:\WINDOWS\System32\win32u.dll
0x00007ffe1ad60000 - 0x00007ffe1affa000 	C:\WINDOWS\WinSxS\amd64_microsoft.windows.common-controls_6595b64144ccf1df_6.0.19041.4355_none_60b8b9eb71f62e16\COMCTL32.dll
0x00007ffe31800000 - 0x00007ffe3182b000 	C:\WINDOWS\System32\GDI32.dll
0x00007ffe31620000 - 0x00007ffe316be000 	C:\WINDOWS\System32\msvcrt.dll
0x00007ffe2f480000 - 0x00007ffe2f597000 	C:\WINDOWS\System32\gdi32full.dll
0x00007ffe2fb10000 - 0x00007ffe2fbad000 	C:\WINDOWS\System32\msvcp_win.dll
0x00007ffe30fb0000 - 0x00007ffe30fdf000 	C:\WINDOWS\System32\IMM32.DLL
0x00007ffde7730000 - 0x00007ffde77cb000 	C:\Users\igors\.jdks\corretto-17.0.4.1\bin\msvcp140.dll
0x00007ffdd4040000 - 0x00007ffdd4c54000 	C:\Users\igors\.jdks\corretto-17.0.4.1\bin\server\jvm.dll
0x00007ffe31740000 - 0x00007ffe317f2000 	C:\WINDOWS\System32\ADVAPI32.dll
0x00007ffe31980000 - 0x00007ffe31a20000 	C:\WINDOWS\System32\sechost.dll
0x00007ffe31a20000 - 0x00007ffe31b43000 	C:\WINDOWS\System32\RPCRT4.dll
0x00007ffe2f3c0000 - 0x00007ffe2f3e7000 	C:\WINDOWS\System32\bcrypt.dll
0x00007ffe31250000 - 0x00007ffe31258000 	C:\WINDOWS\System32\PSAPI.DLL
0x00007ffe2a4e0000 - 0x00007ffe2a4e9000 	C:\WINDOWS\SYSTEM32\WSOCK32.dll
0x00007ffe31830000 - 0x00007ffe3189b000 	C:\WINDOWS\System32\WS2_32.dll
0x00007ffe21300000 - 0x00007ffe21327000 	C:\WINDOWS\SYSTEM32\WINMM.dll
0x00007ffe29000000 - 0x00007ffe2900a000 	C:\WINDOWS\SYSTEM32\VERSION.dll
0x00007ffe2cf90000 - 0x00007ffe2cfa2000 	C:\WINDOWS\SYSTEM32\kernel.appcore.dll
0x00007ffe2c610000 - 0x00007ffe2c61a000 	C:\Users\igors\.jdks\corretto-17.0.4.1\bin\jimage.dll
0x00007ffe209c0000 - 0x00007ffe20ba4000 	C:\WINDOWS\SYSTEM32\DBGHELP.DLL
0x00007ffe13870000 - 0x00007ffe138a4000 	C:\WINDOWS\SYSTEM32\dbgcore.DLL
0x00007ffe2f3f0000 - 0x00007ffe2f472000 	C:\WINDOWS\System32\bcryptPrimitives.dll
0x00007ffe2c790000 - 0x00007ffe2c79e000 	C:\Users\igors\.jdks\corretto-17.0.4.1\bin\instrument.dll
0x00007ffe01e20000 - 0x00007ffe01e45000 	C:\Users\igors\.jdks\corretto-17.0.4.1\bin\java.dll
0x00007ffde5a50000 - 0x00007ffde5b26000 	C:\Users\igors\.jdks\corretto-17.0.4.1\bin\jsvml.dll
0x00007ffe2fea0000 - 0x00007ffe3060f000 	C:\WINDOWS\System32\SHELL32.dll
0x00007ffe2d270000 - 0x00007ffe2da14000 	C:\WINDOWS\SYSTEM32\windows.storage.dll
0x00007ffe31260000 - 0x00007ffe315b3000 	C:\WINDOWS\System32\combase.dll
0x00007ffe2eb80000 - 0x00007ffe2ebae000 	C:\WINDOWS\SYSTEM32\Wldp.dll
0x00007ffe318b0000 - 0x00007ffe3197d000 	C:\WINDOWS\System32\OLEAUT32.dll
0x00007ffe30fe0000 - 0x00007ffe3108d000 	C:\WINDOWS\System32\SHCORE.dll
0x00007ffe30e20000 - 0x00007ffe30e75000 	C:\WINDOWS\System32\shlwapi.dll
0x00007ffe2f160000 - 0x00007ffe2f184000 	C:\WINDOWS\SYSTEM32\profapi.dll
0x00007ffe27d80000 - 0x00007ffe27d98000 	C:\Users\igors\.jdks\corretto-17.0.4.1\bin\zip.dll
0x00007ffe29800000 - 0x00007ffe29819000 	C:\Users\igors\.jdks\corretto-17.0.4.1\bin\net.dll
0x00007ffe28690000 - 0x00007ffe2879d000 	C:\WINDOWS\SYSTEM32\WINHTTP.dll
0x00007ffe2e960000 - 0x00007ffe2e9ca000 	C:\WINDOWS\system32\mswsock.dll
0x00007ffe297e0000 - 0x00007ffe297f5000 	C:\Users\igors\.jdks\corretto-17.0.4.1\bin\nio.dll
0x00007ffe2c750000 - 0x00007ffe2c76a000 	C:\Program Files\JetBrains\IntelliJ IDEA Community Edition 2023.3.4\bin\breakgen64.dll
0x0000000069ac0000 - 0x0000000069ae4000 	C:\Users\igors\AppData\Local\Temp\jansi-2.4.0-6baf66d464ddec1c-jansi.dll
0x00007ffe09800000 - 0x00007ffe09810000 	C:\Users\igors\.jdks\corretto-17.0.4.1\bin\verify.dll

dbghelp: loaded successfully - version: 4.0.5 - missing functions: none
symbol engine: initialized successfully - sym options: 0x614 - pdb path: .;C:\Users\igors\.jdks\corretto-17.0.4.1\bin;C:\WINDOWS\SYSTEM32;C:\WINDOWS\WinSxS\amd64_microsoft.windows.common-controls_6595b64144ccf1df_6.0.19041.4355_none_60b8b9eb71f62e16;C:\Users\igors\.jdks\corretto-17.0.4.1\bin\server;C:\Program Files\JetBrains\IntelliJ IDEA Community Edition 2023.3.4\bin;C:\Users\igors\AppData\Local\Temp

VM Arguments:
jvm_args: -Dmaven.multiModuleProjectDirectory=C:\Users\igors\Desktop\pr\JAVA\restAPI\movieApi\movieApi -Djansi.passthrough=true -Dmaven.home=C:\Program Files\JetBrains\IntelliJ IDEA Community Edition 2023.3.4\plugins\maven\lib\maven3 -Dclassworlds.conf=C:\Program Files\JetBrains\IntelliJ IDEA Community Edition 2023.3.4\plugins\maven\lib\maven3\bin\m2.conf -Dmaven.ext.class.path=C:\Program Files\JetBrains\IntelliJ IDEA Community Edition 2023.3.4\plugins\maven\lib\maven-event-listener.jar -javaagent:C:\Program Files\JetBrains\IntelliJ IDEA Community Edition 2023.3.4\lib\idea_rt.jar=64386:C:\Program Files\JetBrains\IntelliJ IDEA Community Edition 2023.3.4\bin -Dfile.encoding=UTF-8 
java_command: org.codehaus.classworlds.Launcher -Didea.version=2023.3.4 compile
java_class_path (initial): C:\Program Files\JetBrains\IntelliJ IDEA Community Edition 2023.3.4\plugins\maven\lib\maven3\boot\plexus-classworlds-2.7.0.jar;C:\Program Files\JetBrains\IntelliJ IDEA Community Edition 2023.3.4\plugins\maven\lib\maven3\boot\plexus-classworlds.license
Launcher Type: SUN_STANDARD

[Global flags]
     intx CICompilerCount                          = 3                                         {product} {ergonomic}
     uint ConcGCThreads                            = 1                                         {product} {ergonomic}
     uint G1ConcRefinementThreads                  = 4                                         {product} {ergonomic}
   size_t G1HeapRegionSize                         = 2097152                                   {product} {ergonomic}
    uintx GCDrainStackTargetSize                   = 64                                        {product} {ergonomic}
   size_t InitialHeapSize                          = 266338304                                 {product} {ergonomic}
   size_t MarkStackSize                            = 4194304                                   {product} {ergonomic}
   size_t MaxHeapSize                              = 4257218560                                {product} {ergonomic}
   size_t MaxNewSize                               = 2554331136                                {product} {ergonomic}
   size_t MinHeapDeltaBytes                        = 2097152                                   {product} {ergonomic}
   size_t MinHeapSize                              = 8388608                                   {product} {ergonomic}
    uintx NonNMethodCodeHeapSize                   = 5832780                                {pd product} {ergonomic}
    uintx NonProfiledCodeHeapSize                  = 122912730                              {pd product} {ergonomic}
    uintx ProfiledCodeHeapSize                     = 122912730                              {pd product} {ergonomic}
    uintx ReservedCodeCacheSize                    = 251658240                              {pd product} {ergonomic}
     bool SegmentedCodeCache                       = true                                      {product} {ergonomic}
   size_t SoftMaxHeapSize                          = 4257218560                             {manageable} {ergonomic}
     bool UseCompressedClassPointers               = true                           {product lp64_product} {ergonomic}
     bool UseCompressedOops                        = true                           {product lp64_product} {ergonomic}
     bool UseG1GC                                  = true                                      {product} {ergonomic}
     bool UseLargePagesIndividualAllocation        = false                                  {pd product} {ergonomic}

Logging:
Log output configuration:
 #0: stdout all=warning uptime,level,tags
 #1: stderr all=off uptime,level,tags

Environment Variables:
PATH=C:\Program Files\Common Files\Oracle\Java\javapath;C:\WINDOWS\system32;C:\WINDOWS;C:\WINDOWS\System32\Wbem;C:\WINDOWS\System32\WindowsPowerShell\v1.0\;C:\WINDOWS\System32\OpenSSH\;C:\Program Files\nodejs\;C:\Program Files\Git\cmd;C:\Program Files\NVIDIA Corporation\NVIDIA NvDLISR;C:\Program Files\dotnet\;C:\Program Files (x86)\NVIDIA Corporation\PhysX\Common;C:\Program Files (x86)\Windows Kits\10\Windows Performance Toolkit\;;C:\ProgramData\chocolatey\bin;C:\Program Files\Microsoft SQL Server\150\Tools\Binn\;C:\Program Files\Microsoft SQL Server\Client SDK\ODBC\170\Tools\Binn\;C:\Program Files\Docker\Docker\resources\bin;C:\Program Files\MySQL\MySQL Shell 8.0\bin\;C:\Users\igors\AppData\Local\Programs\Python\Python311\Scripts\;C:\Users\igors\AppData\Local\Programs\Python\Python311\;C:\Users\igors\AppData\Local\Microsoft\WindowsApps;C:\Users\igors\AppData\Local\Programs\Microsoft VS Code\bin;C:\Users\igors\AppData\Roaming\npm;C:\Users\igors\.dotnet\tools;C:\msys64\ucrt64\bin;C:\Program Files\CMake\bin
USERNAME=igors
OS=Windows_NT
PROCESSOR_IDENTIFIER=Intel64 Family 6 Model 142 Stepping 9, GenuineIntel
TMP=C:\Users\igors\AppData\Local\Temp
TEMP=C:\Users\igors\AppData\Local\Temp



---------------  S Y S T E M  ---------------

OS:
 Windows 10 , 64 bit Build 19041 (10.0.19041.4957)
OS uptime: 0 days 9:28 hours
Hyper-V role detected

CPU: total 4 (initial active 4) (2 cores per cpu, 2 threads per core) family 6 model 142 stepping 9 microcode 0xea, cx8, cmov, fxsr, ht, mmx, 3dnowpref, sse, sse2, sse3, ssse3, sse4.1, sse4.2, popcnt, lzcnt, tsc, tscinvbit, avx, avx2, aes, erms, clmul, bmi1, bmi2, adx, fma, vzeroupper, clflush, clflushopt, hv

Memory: 4k page, system-wide physical 16235M (2643M free)
TotalPageFile size 16235M (AvailPageFile size 116M)
current process WorkingSet (physical memory assigned to process): 80M, peak: 80M
current process commit charge ("private bytes"): 353M, peak: 354M

vm_info: OpenJDK 64-Bit Server VM (17.0.4.1+9-LTS) for windows-amd64 JRE (17.0.4.1+9-LTS), built on Aug 12 2022 17:33:36 by "Administrator" with MS VC++ 15.9 (VS2017)

END.
